<?xml version="1.0" encoding="UTF-8"?>
<!-- Generated by org.testng.reporters.JUnitReportReporter -->
<testsuite hostname="DESKTOP-0PUNEVH" failures="1" tests="2" name="cucumberOptions.TestNGTestRunner" time="92.763" errors="0" timestamp="2022-03-10T13:03:42 IST" skipped="0">
  <testcase classname="cucumberOptions.TestNGTestRunner" name="runScenario" time="36.629">
    <failure message="expected [Rahul] but found [David]" type="java.lang.AssertionError">
      <![CDATA[java.lang.AssertionError: expected [Rahul] but found [David]
at org.testng.Assert.fail(Assert.java:99)
at org.testng.Assert.failNotEquals(Assert.java:1037)
at org.testng.Assert.assertEqualsImpl(Assert.java:140)
at org.testng.Assert.assertEquals(Assert.java:122)
at org.testng.Assert.assertEquals(Assert.java:629)
at org.testng.Assert.assertEquals(Assert.java:639)
at stepDefinations.MyAccountPageStepDefination.verify_udpated_first_name(MyAccountPageStepDefination.java:91)
at âœ½.Verify udpated first name "Rahul"(file:///D:/OfficeProject/DemoWebsiteAssingment/src/test/resources/feature/OrderTshartandUpdateFirstName.feature:21)
]]>
    </failure>
  </testcase> <!-- runScenario -->
  <system-out/>
  <testcase classname="cucumberOptions.TestNGTestRunner" name="runScenario" time="56.134"/>
  <system-out/>
</testsuite> <!-- cucumberOptions.TestNGTestRunner -->
